<?xml version="1.0" encoding="UTF-8"?>
<!-- Generated by org.testng.reporters.JUnitReportReporter -->
<testsuite hostname="Devashis" failures="0" tests="1" name="TestExecutionVtigerApplication.UserAbleToLoginToTheVtigerApplication" time="7.329" errors="0" timestamp="2023-12-01T10:46:48 IST" skipped="0">
  <testcase classname="TestExecutionVtigerApplication.UserAbleToLoginToTheVtigerApplication" name="checkToTheUserIsAbleToLogInIntoTheVigerApplication" time="7.329"/>
</testsuite> <!-- TestExecutionVtigerApplication.UserAbleToLoginToTheVtigerApplication -->
