<?xml version="1.0" encoding="UTF-8"?>
<!-- Generated by org.testng.reporters.JUnitReportReporter -->
<testsuite hostname="DESKTOP-NIJJ232" failures="0" tests="1" name="UtilityFileVtigerApplication.BaseClass" time="0.020" errors="0" timestamp="2023-11-02T15:13:32 IST" skipped="0">
  <testcase classname="UtilityFileVtigerApplication.BaseClass" name="bcConfig" time="0.020"/>
</testsuite> <!-- UtilityFileVtigerApplication.BaseClass -->
